<?xml version="1.0" encoding="UTF-8"?>
<!-- Generated by org.testng.reporters.JUnitXMLReporter -->
<testsuite ignored="2" hostname="DESKTOP-TLJT5PE" failures="0" tests="3" name="Login Page Test" time="6.71" errors="0" timestamp="2026-01-17T11:18:42 IST">
  <testcase classname="com.qa.opencart.tests.LoginPageTest" name="loginPageTitleTest" time="0.02"/>
  <testcase classname="com.qa.opencart.tests.LoginPageTest" name="loginPageUrlTest" time="0.014"/>
  <testcase classname="com.qa.opencart.tests.LoginPageTest" name="doLoginTest" time="1.05"/>
  <testcase classname="com.qa.opencart.tests.LoginPageTest" name="forgotPwdLinkExistTest" time="0.0">
    <ignored/>
  </testcase> <!-- forgotPwdLinkExistTest -->
  <testcase classname="com.qa.opencart.tests.LoginPageTest" name="forgotPwd" time="0.0">
    <ignored/>
  </testcase> <!-- forgotPwd -->
</testsuite> <!-- Login Page Test -->
