<?xml version="1.0" encoding="UTF-8"?>
<!-- Generated by org.testng.reporters.JUnitXMLReporter -->
<testsuite ignored="0" hostname="DESKTOP-TLJT5PE" failures="0" tests="2" name="Accounts Page Test" time="6.861" errors="0" timestamp="2026-01-10T08:33:27 IST">
  <testcase classname="com.qa.opencart.tests.AccountsPageTest" name="accPageTitleTest" time="0.334"/>
  <testcase classname="com.qa.opencart.tests.AccountsPageTest" name="accPageURLTest" time="0.006"/>
</testsuite> <!-- Accounts Page Test -->
