<?xml version="1.0" encoding="UTF-8"?>
<!-- Generated by org.testng.reporters.JUnitXMLReporter -->
<testsuite ignored="0" hostname="DESKTOP-TLJT5PE" failures="0" tests="4" name="Login Page Test" time="6.679" errors="0" timestamp="2026-01-10T08:33:27 IST">
  <testcase classname="com.qa.opencart.tests.LoginPageTest" name="forgotPwdLinkExistTest" time="0.057"/>
  <testcase classname="com.qa.opencart.tests.LoginPageTest" name="loginPageTitleTest" time="0.016"/>
  <testcase classname="com.qa.opencart.tests.LoginPageTest" name="loginPageUrlTest" time="0.002"/>
  <testcase classname="com.qa.opencart.tests.LoginPageTest" name="loginTest" time="0.376"/>
</testsuite> <!-- Login Page Test -->
