<?xml version="1.0" encoding="UTF-8"?>
<testng-results ignored="0" total="6" passed="6" failed="0" skipped="0">
  <reporter-output>
  </reporter-output>
  <suite started-at="2026-01-10T08:33:20 IST" name="OpenCart App Test Regression Suite" finished-at="2026-01-10T08:33:27 IST" duration-ms="6861">
    <groups>
    </groups>
    <test started-at="2026-01-10T08:33:20 IST" name="Login Page Test" finished-at="2026-01-10T08:33:27 IST" duration-ms="6679">
      <class name="com.qa.opencart.tests.LoginPageTest">
        <test-method is-config="true" signature="setup()[pri:0, instance:com.qa.opencart.tests.LoginPageTest@6ae5aa72]" started-at="2026-01-10T08:33:20 IST" name="setup" finished-at="2026-01-10T08:33:26 IST" duration-ms="5954" status="PASS">
          <reporter-output>
          </reporter-output>
        </test-method> <!-- setup -->
        <test-method signature="forgotPwdLinkExistTest()[pri:0, instance:com.qa.opencart.tests.LoginPageTest@6ae5aa72]" started-at="2026-01-10T08:33:26 IST" name="forgotPwdLinkExistTest" finished-at="2026-01-10T08:33:26 IST" duration-ms="57" status="PASS">
          <reporter-output>
          </reporter-output>
        </test-method> <!-- forgotPwdLinkExistTest -->
        <test-method signature="loginPageTitleTest()[pri:0, instance:com.qa.opencart.tests.LoginPageTest@6ae5aa72]" started-at="2026-01-10T08:33:26 IST" name="loginPageTitleTest" finished-at="2026-01-10T08:33:26 IST" duration-ms="16" status="PASS">
          <reporter-output>
          </reporter-output>
        </test-method> <!-- loginPageTitleTest -->
        <test-method signature="loginPageUrlTest()[pri:0, instance:com.qa.opencart.tests.LoginPageTest@6ae5aa72]" started-at="2026-01-10T08:33:26 IST" name="loginPageUrlTest" finished-at="2026-01-10T08:33:26 IST" duration-ms="2" status="PASS">
          <reporter-output>
          </reporter-output>
        </test-method> <!-- loginPageUrlTest -->
        <test-method signature="loginTest()[pri:0, instance:com.qa.opencart.tests.LoginPageTest@6ae5aa72]" started-at="2026-01-10T08:33:26 IST" name="loginTest" finished-at="2026-01-10T08:33:27 IST" duration-ms="376" status="PASS">
          <reporter-output>
          </reporter-output>
        </test-method> <!-- loginTest -->
        <test-method is-config="true" signature="tearDown()[pri:0, instance:com.qa.opencart.tests.LoginPageTest@6ae5aa72]" started-at="2026-01-10T08:33:27 IST" name="tearDown" finished-at="2026-01-10T08:33:27 IST" duration-ms="238" status="PASS">
          <reporter-output>
          </reporter-output>
        </test-method> <!-- tearDown -->
      </class> <!-- com.qa.opencart.tests.LoginPageTest -->
    </test> <!-- Login Page Test -->
    <test started-at="2026-01-10T08:33:20 IST" name="Accounts Page Test" finished-at="2026-01-10T08:33:27 IST" duration-ms="6861">
      <class name="com.qa.opencart.tests.AccountsPageTest">
        <test-method is-config="true" signature="setup()[pri:0, instance:com.qa.opencart.tests.AccountsPageTest@31304f14]" started-at="2026-01-10T08:33:20 IST" name="setup" finished-at="2026-01-10T08:33:26 IST" duration-ms="5909" status="PASS">
          <reporter-output>
          </reporter-output>
        </test-method> <!-- setup -->
        <test-method is-config="true" signature="accountsPageSetup()[pri:0, instance:com.qa.opencart.tests.AccountsPageTest@31304f14]" started-at="2026-01-10T08:33:26 IST" name="accountsPageSetup" finished-at="2026-01-10T08:33:27 IST" duration-ms="383" status="PASS">
          <reporter-output>
          </reporter-output>
        </test-method> <!-- accountsPageSetup -->
        <test-method signature="accPageTitleTest()[pri:0, instance:com.qa.opencart.tests.AccountsPageTest@31304f14]" started-at="2026-01-10T08:33:27 IST" name="accPageTitleTest" finished-at="2026-01-10T08:33:27 IST" duration-ms="334" status="PASS">
          <reporter-output>
          </reporter-output>
        </test-method> <!-- accPageTitleTest -->
        <test-method signature="accPageURLTest()[pri:0, instance:com.qa.opencart.tests.AccountsPageTest@31304f14]" started-at="2026-01-10T08:33:27 IST" name="accPageURLTest" finished-at="2026-01-10T08:33:27 IST" duration-ms="6" status="PASS">
          <reporter-output>
          </reporter-output>
        </test-method> <!-- accPageURLTest -->
        <test-method is-config="true" signature="tearDown()[pri:0, instance:com.qa.opencart.tests.AccountsPageTest@31304f14]" started-at="2026-01-10T08:33:27 IST" name="tearDown" finished-at="2026-01-10T08:33:27 IST" duration-ms="195" status="PASS">
          <reporter-output>
          </reporter-output>
        </test-method> <!-- tearDown -->
      </class> <!-- com.qa.opencart.tests.AccountsPageTest -->
    </test> <!-- Accounts Page Test -->
  </suite> <!-- OpenCart App Test Regression Suite -->
</testng-results>
