<?xml version="1.0" encoding="UTF-8"?>
<testsuite xmlns:xsi="http://www.w3.org/2001/XMLSchema-instance" xsi:noNamespaceSchemaLocation="https://maven.apache.org/surefire/maven-surefire-plugin/xsd/surefire-test-report-3.0.xsd" version="3.0" name="TestSuite" time="7.447" tests="6" errors="0" skipped="0" failures="0">
  <properties>
[...]
</properties>
  <testcase name="forgotPwdLinkExistTest" classname="com.qa.opencart.tests.LoginPageTest" time="0.057">
    <system-out><![CDATA[...
... TestNG 7.11.0 by Cédric Beust (cedric@beust.com)
...

Running test on environment: qa
Running test on environment: qa
broswer is: chrome
broswer is: chrome
user credentials: testpp@email.com:3wj056a5
]]></system-out>
    <system-err><![CDATA[SLF4J(W): No SLF4J providers were found.
SLF4J(W): Defaulting to no-operation (NOP) logger implementation
SLF4J(W): See https://www.slf4j.org/codes.html#noProviders for further details.
Jan 10, 2026 8:33:25 AM org.openqa.selenium.devtools.CdpVersionFinder findNearestMatch
WARNING: Unable to find an exact match for CDP version 143, returning the closest version; found: 139; Please update to a Selenium version that supports CDP version 143
Jan 10, 2026 8:33:25 AM org.openqa.selenium.devtools.CdpVersionFinder findNearestMatch
WARNING: Unable to find an exact match for CDP version 143, returning the closest version; found: 139; Please update to a Selenium version that supports CDP version 143
]]></system-err>
  </testcase>
  <testcase name="loginPageTitleTest" classname="com.qa.opencart.tests.LoginPageTest" time="0.01">
    <system-out><![CDATA[Login Page Title: Account Login
]]></system-out>
  </testcase>
  <testcase name="loginPageUrlTest" classname="com.qa.opencart.tests.LoginPageTest" time="0.009">
    <system-out><![CDATA[login page url: https://naveenautomationlabs.com/opencart/index.php?route=account/login
]]></system-out>
  </testcase>
  <testcase name="loginTest" classname="com.qa.opencart.tests.LoginPageTest" time="0.112">
    <system-out><![CDATA[user credentials: testpp@email.com:3wj056a5
]]></system-out>
  </testcase>
  <testcase name="accPageTitleTest" classname="com.qa.opencart.tests.AccountsPageTest" time="0.333">
    <system-out><![CDATA[Home Page Title: My Account
]]></system-out>
  </testcase>
  <testcase name="accPageURLTest" classname="com.qa.opencart.tests.AccountsPageTest" time="0.014">
    <system-out><![CDATA[Accounts page URL: https://naveenautomationlabs.com/opencart/index.php?route=account/account
]]></system-out>
  </testcase>
</testsuite>