<?xml version="1.0" encoding="UTF-8"?>
<testng-results ignored="2" total="7" passed="5" failed="0" skipped="0">
  <reporter-output>
  </reporter-output>
  <suite started-at="2026-01-17T11:18:36 IST" name="OpenCart App Test Regression Suite" finished-at="2026-01-17T11:18:42 IST" duration-ms="6710">
    <groups>
    </groups>
    <test started-at="2026-01-17T11:18:36 IST" name="Accounts Page Test" finished-at="2026-01-17T11:18:40 IST" duration-ms="4040">
      <class name="com.qa.opencart.tests.AccountsPageTest">
        <test-method is-config="true" signature="setup(java.lang.String)[pri:0, instance:com.qa.opencart.tests.AccountsPageTest@4d95a72e]" started-at="2026-01-17T11:18:36 IST" name="setup" finished-at="2026-01-17T11:18:38 IST" duration-ms="2855" status="PASS">
          <params>
            <param index="0">
              <value>
                <![CDATA[chrome]]>
              </value>
            </param>
          </params>
          <reporter-output>
          </reporter-output>
        </test-method> <!-- setup -->
        <test-method is-config="true" signature="accountsPageSetup()[pri:0, instance:com.qa.opencart.tests.AccountsPageTest@4d95a72e]" started-at="2026-01-17T11:18:39 IST" name="accountsPageSetup" finished-at="2026-01-17T11:18:39 IST" duration-ms="747" status="PASS">
          <reporter-output>
          </reporter-output>
        </test-method> <!-- accountsPageSetup -->
        <test-method signature="accPageTitleTest()[pri:0, instance:com.qa.opencart.tests.AccountsPageTest@4d95a72e]" started-at="2026-01-17T11:18:39 IST" name="accPageTitleTest" finished-at="2026-01-17T11:18:39 IST" duration-ms="40" status="PASS">
          <reporter-output>
          </reporter-output>
        </test-method> <!-- accPageTitleTest -->
        <test-method is-config="true" signature="attachScreenshot(org.testng.ITestResult)[pri:0, instance:com.qa.opencart.tests.AccountsPageTest@4d95a72e]" started-at="2026-01-17T11:18:39 IST" name="attachScreenshot" finished-at="2026-01-17T11:18:39 IST" duration-ms="3" status="PASS">
          <params>
            <param index="0">
              <value>
                <![CDATA[[TestResult name=accPageTitleTest status=SUCCESS method=AccountsPageTest.accPageTitleTest()[pri:0, instance:com.qa.opencart.tests.AccountsPageTest@4d95a72e] output={null}]]]>
              </value>
            </param>
          </params>
          <reporter-output>
          </reporter-output>
        </test-method> <!-- attachScreenshot -->
        <test-method signature="accPageURLTest()[pri:0, instance:com.qa.opencart.tests.AccountsPageTest@4d95a72e]" started-at="2026-01-17T11:18:39 IST" name="accPageURLTest" finished-at="2026-01-17T11:18:39 IST" duration-ms="12" status="PASS">
          <reporter-output>
          </reporter-output>
        </test-method> <!-- accPageURLTest -->
        <test-method is-config="true" signature="attachScreenshot(org.testng.ITestResult)[pri:0, instance:com.qa.opencart.tests.AccountsPageTest@4d95a72e]" started-at="2026-01-17T11:18:39 IST" name="attachScreenshot" finished-at="2026-01-17T11:18:39 IST" duration-ms="1" status="PASS">
          <params>
            <param index="0">
              <value>
                <![CDATA[[TestResult name=accPageURLTest status=SUCCESS method=AccountsPageTest.accPageURLTest()[pri:0, instance:com.qa.opencart.tests.AccountsPageTest@4d95a72e] output={null}]]]>
              </value>
            </param>
          </params>
          <reporter-output>
          </reporter-output>
        </test-method> <!-- attachScreenshot -->
        <test-method is-config="true" signature="tearDown()[pri:0, instance:com.qa.opencart.tests.AccountsPageTest@4d95a72e]" started-at="2026-01-17T11:18:39 IST" name="tearDown" finished-at="2026-01-17T11:18:40 IST" duration-ms="225" status="PASS">
          <reporter-output>
          </reporter-output>
        </test-method> <!-- tearDown -->
      </class> <!-- com.qa.opencart.tests.AccountsPageTest -->
    </test> <!-- Accounts Page Test -->
    <test started-at="2026-01-17T11:18:36 IST" name="Login Page Test" finished-at="2026-01-17T11:18:42 IST" duration-ms="6710">
      <class name="com.qa.opencart.tests.LoginPageTest">
        <test-method is-config="true" signature="setup(java.lang.String)[pri:0, instance:com.qa.opencart.tests.LoginPageTest@51c959a4]" started-at="2026-01-17T11:18:36 IST" name="setup" finished-at="2026-01-17T11:18:41 IST" duration-ms="5138" status="PASS">
          <params>
            <param index="0">
              <value>
                <![CDATA[chrome]]>
              </value>
            </param>
          </params>
          <reporter-output>
          </reporter-output>
        </test-method> <!-- setup -->
        <test-method signature="loginPageTitleTest()[pri:0, instance:com.qa.opencart.tests.LoginPageTest@51c959a4]" started-at="2026-01-17T11:18:41 IST" name="loginPageTitleTest" finished-at="2026-01-17T11:18:41 IST" duration-ms="20" status="PASS">
          <reporter-output>
          </reporter-output>
        </test-method> <!-- loginPageTitleTest -->
        <test-method is-config="true" signature="attachScreenshot(org.testng.ITestResult)[pri:0, instance:com.qa.opencart.tests.LoginPageTest@51c959a4]" started-at="2026-01-17T11:18:41 IST" name="attachScreenshot" finished-at="2026-01-17T11:18:41 IST" duration-ms="2" status="PASS">
          <params>
            <param index="0">
              <value>
                <![CDATA[[TestResult name=loginPageTitleTest status=SUCCESS method=LoginPageTest.loginPageTitleTest()[pri:0, instance:com.qa.opencart.tests.LoginPageTest@51c959a4] output={null}]]]>
              </value>
            </param>
          </params>
          <reporter-output>
          </reporter-output>
        </test-method> <!-- attachScreenshot -->
        <test-method signature="loginPageUrlTest()[pri:0, instance:com.qa.opencart.tests.LoginPageTest@51c959a4]" started-at="2026-01-17T11:18:41 IST" name="loginPageUrlTest" finished-at="2026-01-17T11:18:41 IST" duration-ms="14" status="PASS">
          <reporter-output>
          </reporter-output>
        </test-method> <!-- loginPageUrlTest -->
        <test-method signature="doLoginTest()[pri:32767, instance:com.qa.opencart.tests.LoginPageTest@51c959a4]" started-at="2026-01-17T11:18:41 IST" name="doLoginTest" description="login with valid credentials" finished-at="2026-01-17T11:18:42 IST" duration-ms="1050" status="PASS">
          <reporter-output>
          </reporter-output>
        </test-method> <!-- doLoginTest -->
        <test-method is-config="true" signature="attachScreenshot(org.testng.ITestResult)[pri:0, instance:com.qa.opencart.tests.LoginPageTest@51c959a4]" started-at="2026-01-17T11:18:41 IST" name="attachScreenshot" finished-at="2026-01-17T11:18:41 IST" duration-ms="0" status="PASS">
          <params>
            <param index="0">
              <value>
                <![CDATA[[TestResult name=loginPageUrlTest status=SUCCESS method=LoginPageTest.loginPageUrlTest()[pri:0, instance:com.qa.opencart.tests.LoginPageTest@51c959a4] output={null}]]]>
              </value>
            </param>
          </params>
          <reporter-output>
          </reporter-output>
        </test-method> <!-- attachScreenshot -->
        <test-method is-config="true" signature="attachScreenshot(org.testng.ITestResult)[pri:0, instance:com.qa.opencart.tests.LoginPageTest@51c959a4]" started-at="2026-01-17T11:18:42 IST" name="attachScreenshot" finished-at="2026-01-17T11:18:42 IST" duration-ms="1" status="PASS">
          <params>
            <param index="0">
              <value>
                <![CDATA[[TestResult name=doLoginTest status=SUCCESS method=LoginPageTest.doLoginTest()[pri:32767, instance:com.qa.opencart.tests.LoginPageTest@51c959a4] output={null}]]]>
              </value>
            </param>
          </params>
          <reporter-output>
          </reporter-output>
        </test-method> <!-- attachScreenshot -->
        <test-method is-config="true" signature="tearDown()[pri:0, instance:com.qa.opencart.tests.LoginPageTest@51c959a4]" started-at="2026-01-17T11:18:42 IST" name="tearDown" finished-at="2026-01-17T11:18:42 IST" duration-ms="179" status="PASS">
          <reporter-output>
          </reporter-output>
        </test-method> <!-- tearDown -->
      </class> <!-- com.qa.opencart.tests.LoginPageTest -->
    </test> <!-- Login Page Test -->
  </suite> <!-- OpenCart App Test Regression Suite -->
</testng-results>
