<?xml version="1.0" encoding="UTF-8"?>
<!-- Generated by org.testng.reporters.JUnitReportReporter -->
<testsuite hostname="DESKTOP-TLJT5PE" failures="0" tests="3" name="com.qa.opencart.tests.RegisterPageTest" time="8.848" errors="0" timestamp="2026-01-04T17:32:54 IST" skipped="0">
  <testcase classname="com.qa.opencart.tests.RegisterPageTest" name="userRegisterTest" time="3.045"/>
  <testcase classname="com.qa.opencart.tests.RegisterPageTest" name="userRegisterTest" time="2.859"/>
  <testcase classname="com.qa.opencart.tests.RegisterPageTest" name="userRegisterTest" time="2.944"/>
</testsuite> <!-- com.qa.opencart.tests.RegisterPageTest -->
