<?xml version="1.0" encoding="UTF-8"?>
<!-- Generated by org.testng.reporters.JUnitReportReporter -->
<testsuite hostname="DESKTOP-TLJT5PE" failures="0" tests="5" name="com.qa.opencart.tests.LoginPageTest" time="1.087" errors="0" timestamp="2026-01-17T11:18:42 IST" skipped="2">
  <testcase classname="com.qa.opencart.tests.LoginPageTest" name="loginPageTitleTest" time="0.020"/>
  <testcase classname="com.qa.opencart.tests.LoginPageTest" name="loginPageUrlTest" time="0.015"/>
  <testcase classname="com.qa.opencart.tests.LoginPageTest" name="doLoginTest" time="1.052"/>
  <testcase classname="com.qa.opencart.tests.LoginPageTest" name="forgotPwdLinkExistTest">
    <skipped/>
  </testcase> <!-- forgotPwdLinkExistTest -->
  <testcase classname="com.qa.opencart.tests.LoginPageTest" name="forgotPwd">
    <skipped/>
  </testcase> <!-- forgotPwd -->
</testsuite> <!-- com.qa.opencart.tests.LoginPageTest -->
