<?xml version="1.0" encoding="UTF-8"?>
<!-- Generated by org.testng.reporters.JUnitReportReporter -->
<testsuite hostname="DESKTOP-TLJT5PE" failures="0" tests="2" name="com.qa.opencart.tests.AccountsPageTest" time="0.056" errors="0" timestamp="2026-01-17T11:18:42 IST" skipped="0">
  <testcase classname="com.qa.opencart.tests.AccountsPageTest" name="accPageURLTest" time="0.015"/>
  <testcase classname="com.qa.opencart.tests.AccountsPageTest" name="accPageTitleTest" time="0.041"/>
</testsuite> <!-- com.qa.opencart.tests.AccountsPageTest -->
