<?xml version="1.0" encoding="UTF-8"?>
<!-- Generated by org.testng.reporters.JUnitReportReporter -->
<testsuite hostname="DESKTOP-TLJT5PE" failures="0" tests="4" name="com.qa.opencart.tests.LoginPageTest" time="0.451" errors="0" timestamp="2026-01-10T08:33:27 IST" skipped="0">
  <testcase classname="com.qa.opencart.tests.LoginPageTest" name="forgotPwdLinkExistTest" time="0.057"/>
  <testcase classname="com.qa.opencart.tests.LoginPageTest" name="loginTest" time="0.376"/>
  <testcase classname="com.qa.opencart.tests.LoginPageTest" name="loginPageUrlTest" time="0.002"/>
  <testcase classname="com.qa.opencart.tests.LoginPageTest" name="loginPageTitleTest" time="0.016"/>
</testsuite> <!-- com.qa.opencart.tests.LoginPageTest -->
